Using pre-set license
Built from '2022.3/staging' branch; Version is '2022.3.8f1 (b5eafc012955) revision 11922172'; Using compiler version '192829333'; Build Type 'Release'
OS: 'Windows 11  (10.0.22621) 64bit Core' Language: 'en' Physical Memory: 16163 MB
BatchMode: 1, IsHumanControllingUs: 0, StartBugReporterOnCrash: 0, Is64bit: 1, IsPro: 1

COMMAND LINE ARGUMENTS:
C:\Program Files\Unity\Hub\Editor\2022.3.8f1\Editor\Unity.exe
-adb2
-batchMode
-noUpm
-name
AssetImportWorker0
-projectPath
D:/GAMEENGINE3_Exercise
-logFile
Logs/AssetImportWorker0.log
-srvPort
49627
Successfully changed project path to: D:/GAMEENGINE3_Exercise
D:/GAMEENGINE3_Exercise
[UnityMemory] Configuration Parameters - Can be set up in boot.config
    "memorysetup-bucket-allocator-granularity=16"
    "memorysetup-bucket-allocator-bucket-count=8"
    "memorysetup-bucket-allocator-block-size=33554432"
    "memorysetup-bucket-allocator-block-count=8"
    "memorysetup-main-allocator-block-size=16777216"
    "memorysetup-thread-allocator-block-size=16777216"
    "memorysetup-gfx-main-allocator-block-size=16777216"
    "memorysetup-gfx-thread-allocator-block-size=16777216"
    "memorysetup-cache-allocator-block-size=4194304"
    "memorysetup-typetree-allocator-block-size=2097152"
    "memorysetup-profiler-bucket-allocator-granularity=16"
    "memorysetup-profiler-bucket-allocator-bucket-count=8"
    "memorysetup-profiler-bucket-allocator-block-size=33554432"
    "memorysetup-profiler-bucket-allocator-block-count=8"
    "memorysetup-profiler-allocator-block-size=16777216"
    "memorysetup-profiler-editor-allocator-block-size=1048576"
    "memorysetup-temp-allocator-size-main=16777216"
    "memorysetup-job-temp-allocator-block-size=2097152"
    "memorysetup-job-temp-allocator-block-size-background=1048576"
    "memorysetup-job-temp-allocator-reduction-small-platforms=262144"
    "memorysetup-allocator-temp-initial-block-size-main=262144"
    "memorysetup-allocator-temp-initial-block-size-worker=262144"
    "memorysetup-temp-allocator-size-background-worker=32768"
    "memorysetup-temp-allocator-size-job-worker=262144"
    "memorysetup-temp-allocator-size-preload-manager=33554432"
    "memorysetup-temp-allocator-size-nav-mesh-worker=65536"
    "memorysetup-temp-allocator-size-audio-worker=65536"
    "memorysetup-temp-allocator-size-cloud-worker=32768"
    "memorysetup-temp-allocator-size-gi-baking-worker=262144"
    "memorysetup-temp-allocator-size-gfx=262144"
Player connection [14400] Host "[IP] 192.168.155.237 [Port] 0 [Flags] 2 [Guid] 3455385354 [EditorId] 3455385354 [Version] 1048832 [Id] WindowsEditor(7,Havadora) [Debug] 1 [PackageName] WindowsEditor [ProjectName] Editor" joined multi-casting on [225.0.0.222:54997]...

Player connection [14400] Host "[IP] 192.168.155.237 [Port] 0 [Flags] 2 [Guid] 3455385354 [EditorId] 3455385354 [Version] 1048832 [Id] WindowsEditor(7,Havadora) [Debug] 1 [PackageName] WindowsEditor [ProjectName] Editor" joined alternative multi-casting on [225.0.0.222:34997]...

[Physics::Module] Initialized MultithreadedJobDispatcher with 15 workers.
Refreshing native plugins compatible for Editor in 566.17 ms, found 4 plugins.
Preloading 0 native plugins for Editor in 0.00 ms.
Initialize engine version: 2022.3.8f1 (b5eafc012955)
[Subsystems] Discovering subsystems at path C:/Program Files/Unity/Hub/Editor/2022.3.8f1/Editor/Data/Resources/UnitySubsystems
[Subsystems] Discovering subsystems at path D:/GAMEENGINE3_Exercise/Assets
GfxDevice: creating device client; threaded=0; jobified=0
Direct3D:
    Version:  Direct3D 11.0 [level 11.1]
    Renderer: NVIDIA GeForce RTX 3060 Laptop GPU (ID=0x2520)
    Vendor:   NVIDIA
    VRAM:     6023 MB
    Driver:   31.0.15.1748
Initialize mono
Mono path[0] = 'C:/Program Files/Unity/Hub/Editor/2022.3.8f1/Editor/Data/Managed'
Mono path[1] = 'C:/Program Files/Unity/Hub/Editor/2022.3.8f1/Editor/Data/MonoBleedingEdge/lib/mono/unityjit-win32'
Mono config path = 'C:/Program Files/Unity/Hub/Editor/2022.3.8f1/Editor/Data/MonoBleedingEdge/etc'
Using monoOptions --debugger-agent=transport=dt_socket,embedding=1,server=y,suspend=n,address=127.0.0.1:56208
Begin MonoManager ReloadAssembly
Registering precompiled unity dll's ...
Register platform support module: C:/Program Files/Unity/Hub/Editor/2022.3.8f1/Editor/Data/PlaybackEngines/WebGLSupport/UnityEditor.WebGL.Extensions.dll
Register platform support module: C:/Program Files/Unity/Hub/Editor/2022.3.8f1/Editor/Data/PlaybackEngines/WindowsStandaloneSupport/UnityEditor.WindowsStandalone.Extensions.dll
Registered in 0.006886 seconds.
- Loaded All Assemblies, in  0.350 seconds
Native extension for WindowsStandalone target not found
Native extension for WebGL target not found
Mono: successfully reloaded assembly
- Finished resetting the current domain, in  0.269 seconds
Domain Reload Profiling: 617ms
	BeginReloadAssembly (111ms)
		ExecutionOrderSort (0ms)
		DisableScriptedObjects (0ms)
		BackupInstance (0ms)
		ReleaseScriptingObjects (0ms)
		CreateAndSetChildDomain (1ms)
	RebuildCommonClasses (33ms)
	RebuildNativeTypeToScriptingClass (10ms)
	initialDomainReloadingComplete (54ms)
	LoadAllAssembliesAndSetupDomain (138ms)
		LoadAssemblies (110ms)
		RebuildTransferFunctionScriptingTraits (0ms)
		AnalyzeDomain (136ms)
			TypeCache.Refresh (135ms)
				TypeCache.ScanAssembly (122ms)
			ScanForSourceGeneratedMonoScriptInfo (1ms)
			ResolveRequiredComponents (0ms)
	FinalizeReload (269ms)
		ReleaseScriptCaches (0ms)
		RebuildScriptCaches (0ms)
		SetupLoadedEditorAssemblies (205ms)
			LogAssemblyErrors (0ms)
			InitializePlatformSupportModulesInManaged (10ms)
			SetLoadedEditorAssemblies (6ms)
			RefreshPlugins (0ms)
			BeforeProcessingInitializeOnLoad (2ms)
			ProcessInitializeOnLoadAttributes (120ms)
			ProcessInitializeOnLoadMethodAttributes (68ms)
			AfterProcessingInitializeOnLoad (0ms)
			EditorAssembliesLoaded (0ms)
		ExecutionOrderSort2 (0ms)
		AwakeInstancesAfterBackupRestoration (0ms)
========================================================================
Worker process is ready to serve import requests
Begin MonoManager ReloadAssembly
- Loaded All Assemblies, in  3.597 seconds
Refreshing native plugins compatible for Editor in 2198.16 ms, found 4 plugins.
Native extension for WindowsStandalone target not found
Native extension for WebGL target not found
Package Manager log level set to [2]
[Package Manager] Server::EnsureServerProcessIsRunning -- launch failed, reason: Unity was launched with the -noUpm command-line argument
[Package Manager] UpmClient::Send -- Unable to send message (not connected to UPM process).
[Package Manager] Cannot connect to Unity Package Manager local server
Mono: successfully reloaded assembly
- Finished resetting the current domain, in  0.642 seconds
Domain Reload Profiling: 4240ms
	BeginReloadAssembly (121ms)
		ExecutionOrderSort (0ms)
		DisableScriptedObjects (5ms)
		BackupInstance (0ms)
		ReleaseScriptingObjects (0ms)
		CreateAndSetChildDomain (20ms)
	RebuildCommonClasses (31ms)
	RebuildNativeTypeToScriptingClass (12ms)
	initialDomainReloadingComplete (34ms)
	LoadAllAssembliesAndSetupDomain (3399ms)
		LoadAssemblies (3309ms)
		RebuildTransferFunctionScriptingTraits (0ms)
		AnalyzeDomain (156ms)
			TypeCache.Refresh (122ms)
				TypeCache.ScanAssembly (108ms)
			ScanForSourceGeneratedMonoScriptInfo (24ms)
			ResolveRequiredComponents (8ms)
	FinalizeReload (643ms)
		ReleaseScriptCaches (0ms)
		RebuildScriptCaches (0ms)
		SetupLoadedEditorAssemblies (496ms)
			LogAssemblyErrors (0ms)
			InitializePlatformSupportModulesInManaged (9ms)
			SetLoadedEditorAssemblies (6ms)
			RefreshPlugins (0ms)
			BeforeProcessingInitializeOnLoad (107ms)
			ProcessInitializeOnLoadAttributes (341ms)
			ProcessInitializeOnLoadMethodAttributes (29ms)
			AfterProcessingInitializeOnLoad (4ms)
			EditorAssembliesLoaded (0ms)
		ExecutionOrderSort2 (0ms)
		AwakeInstancesAfterBackupRestoration (5ms)
Launched and connected shader compiler UnityShaderCompiler.exe after 0.03 seconds
Refreshing native plugins compatible for Editor in 2.90 ms, found 4 plugins.
Preloading 0 native plugins for Editor in 0.00 ms.
Unloading 4012 Unused Serialized files (Serialized files now loaded: 0)
Unloading 63 unused Assets / (60.8 KB). Loaded Objects now: 4474.
Memory consumption went from 137.0 MB to 137.0 MB.
Total: 3.253600 ms (FindLiveObjects: 0.264900 ms CreateObjectMapping: 0.093500 ms MarkObjects: 2.766100 ms  DeleteObjects: 0.127900 ms)

AssetImportParameters requested are different than current active one (requested -> active):
  custom:container-demuxer-ogg: 62fdf1f143b41e24485cea50d1cbac27 -> 
  custom:video-decoder-ogg-theora: a1e56fd34408186e4bbccfd4996cb3dc -> 
  custom:framework-win-MediaFoundation: 216162199b28c13a410421893ffa2e32 -> 
  custom:CustomObjectIndexerAttribute: 756ad292c208cfabdd7b50bc23989ffe -> 
  custom:container-demuxer-webm: 4f35f7cbe854078d1ac9338744f61a02 -> 
  custom:container-muxer-webm: aa71ff27fc2769a1b78a27578f13a17b -> 
  custom:video-decoder-webm-vp8: 9c59270c3fd7afecdb556c50c9e8de78 -> 
  custom:SearchIndexIgnoredProperties: e643bd26f0fe6173181afceb89e7c659 -> 
  custom:AudioImporter_EditorPlatform: d09bf68614088b80899f8185d706f6e7 -> 
  custom:video-encoder-webm-vp8: eb34c28f22e8b96e1ab97ce403110664 -> 
  custom:audio-decoder-ogg-vorbis: bf7c407c2cedff20999df2af8eb42d56 -> 
  custom:audio-encoder-webm-vorbis: bf7c407c2cedff20999df2af8eb42d56 -> 
========================================================================
Received Import Request.
  Time since last request: 716658.599604 seconds.
  path: Assets/Pixel Art Top Down - Basic (1)/Player.prefab
  artifactKey: Guid(17fe9685b9802414d903271c285d9d23) Importer(815301076,1909f56bfc062723c751e8b465ee728b)
Start importing Assets/Pixel Art Top Down - Basic (1)/Player.prefab using Guid(17fe9685b9802414d903271c285d9d23) Importer(815301076,1909f56bfc062723c751e8b465ee728b)  -> (artifact id: 'cc54a86b58a915aec4abcfd3faacaa96') in 0.232881 seconds
Number of updated asset objects reloaded before import = 0
Number of asset objects unloaded after import = 16
========================================================================
Received Import Request.
  Time since last request: 0.000027 seconds.
  path: Assets/Pixel Art Top Down - Basic (1)/TX Props_37.prefab
  artifactKey: Guid(de3dc6cb826ce0d43b168f946613d23b) Importer(815301076,1909f56bfc062723c751e8b465ee728b)
Start importing Assets/Pixel Art Top Down - Basic (1)/TX Props_37.prefab using Guid(de3dc6cb826ce0d43b168f946613d23b) Importer(815301076,1909f56bfc062723c751e8b465ee728b)  -> (artifact id: 'de464e506f9ebe2fd2461389c8e65f9b') in 0.010008 seconds
Number of updated asset objects reloaded before import = 0
Number of asset objects unloaded after import = 7
========================================================================
Received Import Request.
  Time since last request: 21.571996 seconds.
  path: Assets/Movement.cs
  artifactKey: Guid(da113d365a1aff64e8b008a69c196685) Importer(815301076,1909f56bfc062723c751e8b465ee728b)
Start importing Assets/Movement.cs using Guid(da113d365a1aff64e8b008a69c196685) Importer(815301076,1909f56bfc062723c751e8b465ee728b)  -> (artifact id: 'dbed1baf77ab865c32382aa72d1ee267') in 0.000488 seconds
Number of updated asset objects reloaded before import = 0
Number of asset objects unloaded after import = 0
========================================================================
Received Import Request.
  Time since last request: 3.411166 seconds.
  path: Assets/Animation
  artifactKey: Guid(d9ee16e4146305f48abf15c9d79f8273) Importer(815301076,1909f56bfc062723c751e8b465ee728b)
Start importing Assets/Animation using Guid(d9ee16e4146305f48abf15c9d79f8273) Importer(815301076,1909f56bfc062723c751e8b465ee728b)  -> (artifact id: '465b296186f6191ce8bf9aa6e06c14da') in 0.000417 seconds
Number of updated asset objects reloaded before import = 0
Number of asset objects unloaded after import = 0
========================================================================
Received Import Request.
  Time since last request: 5.106982 seconds.
  path: Assets/Pixel Art Top Down - Basic (1)
  artifactKey: Guid(2f0a6638cec653444a26006bdfe75733) Importer(815301076,1909f56bfc062723c751e8b465ee728b)
Start importing Assets/Pixel Art Top Down - Basic (1) using Guid(2f0a6638cec653444a26006bdfe75733) Importer(815301076,1909f56bfc062723c751e8b465ee728b)  -> (artifact id: '407e1465ae3218440fdf00b5e529641b') in 0.000545 seconds
Number of updated asset objects reloaded before import = 0
Number of asset objects unloaded after import = 0
========================================================================
Received Import Request.
  Time since last request: 70.452778 seconds.
  path: Assets/Pixel Art Top Down - Basic (1)/PlayerMovement.cs
  artifactKey: Guid(2144a442add710a4195d0e8f9ed3bb81) Importer(815301076,1909f56bfc062723c751e8b465ee728b)
Start importing Assets/Pixel Art Top Down - Basic (1)/PlayerMovement.cs using Guid(2144a442add710a4195d0e8f9ed3bb81) Importer(815301076,1909f56bfc062723c751e8b465ee728b)  -> (artifact id: 'c61b0aa251aa0368a6110da289e2966b') in 0.000501 seconds
Number of updated asset objects reloaded before import = 0
Number of asset objects unloaded after import = 0
========================================================================
Received Import Request.
  Time since last request: 77.995364 seconds.
  path: Assets/Cainos
  artifactKey: Guid(9699d60de49992e49b2ad4b5fc5ccb81) Importer(815301076,1909f56bfc062723c751e8b465ee728b)
Start importing Assets/Cainos using Guid(9699d60de49992e49b2ad4b5fc5ccb81) Importer(815301076,1909f56bfc062723c751e8b465ee728b)  -> (artifact id: 'af092afd2c93b948df3337b2f0ac8afe') in 0.000567 seconds
Number of updated asset objects reloaded before import = 0
Number of asset objects unloaded after import = 0
========================================================================
Received Import Request.
  Time since last request: 0.508920 seconds.
  path: Assets/Pixel Art Top Down - Basic (1)/Player 1.prefab
  artifactKey: Guid(3d35d715dd187804fa3a9d447e163d00) Importer(815301076,1909f56bfc062723c751e8b465ee728b)
Start importing Assets/Pixel Art Top Down - Basic (1)/Player 1.prefab using Guid(3d35d715dd187804fa3a9d447e163d00) Importer(815301076,1909f56bfc062723c751e8b465ee728b)  -> (artifact id: '1ed6df9e766c6cc38331beb790dc5547') in 0.012124 seconds
Number of updated asset objects reloaded before import = 0
Number of asset objects unloaded after import = 45
========================================================================
Received Import Request.
  Time since last request: 212.117646 seconds.
  path: Assets/PlayerMovement.cs
  artifactKey: Guid(2144a442add710a4195d0e8f9ed3bb81) Importer(815301076,1909f56bfc062723c751e8b465ee728b)
Start importing Assets/PlayerMovement.cs using Guid(2144a442add710a4195d0e8f9ed3bb81) Importer(815301076,1909f56bfc062723c751e8b465ee728b)  -> (artifact id: '8150a7d1d1591a87925b039b128738dc') in 0.001326 seconds
Number of updated asset objects reloaded before import = 0
Number of asset objects unloaded after import = 0
========================================================================
Received Import Request.
  Time since last request: 149.801038 seconds.
  path: Assets/Pixel Art Top Down - Basic (1)/Player.prefab
  artifactKey: Guid(17fe9685b9802414d903271c285d9d23) Importer(815301076,1909f56bfc062723c751e8b465ee728b)
Start importing Assets/Pixel Art Top Down - Basic (1)/Player.prefab using Guid(17fe9685b9802414d903271c285d9d23) Importer(815301076,1909f56bfc062723c751e8b465ee728b)  -> (artifact id: 'db80625390d5bb837baad4fa9cdbb54f') in 0.072709 seconds
Number of updated asset objects reloaded before import = 0
Number of asset objects unloaded after import = 16
========================================================================
Received Import Request.
  Time since last request: 20.074364 seconds.
  path: Assets/Pixel Art Top Down - Basic (1)/Texture
  artifactKey: Guid(393e28e1b75b323438e588c5983694e5) Importer(815301076,1909f56bfc062723c751e8b465ee728b)
Start importing Assets/Pixel Art Top Down - Basic (1)/Texture using Guid(393e28e1b75b323438e588c5983694e5) Importer(815301076,1909f56bfc062723c751e8b465ee728b)  -> (artifact id: 'e9910ee6a91b45606d7f3ea33cdcd995') in 0.000633 seconds
Number of updated asset objects reloaded before import = 0
Number of asset objects unloaded after import = 0
========================================================================
Received Import Request.
  Time since last request: 0.164706 seconds.
  path: Assets/Pixel Art Top Down - Basic (1)/Texture/TX Plant.asset
  artifactKey: Guid(96279abe8a5cff14ba8082f23eb7840f) Importer(815301076,1909f56bfc062723c751e8b465ee728b)
Start importing Assets/Pixel Art Top Down - Basic (1)/Texture/TX Plant.asset using Guid(96279abe8a5cff14ba8082f23eb7840f) Importer(815301076,1909f56bfc062723c751e8b465ee728b)  -> (artifact id: 'b0e9e17a099a8179a6852b414a6fa989') in 0.087978 seconds
Number of updated asset objects reloaded before import = 0
Number of asset objects unloaded after import = 3
========================================================================
Received Import Request.
  Time since last request: 0.000025 seconds.
  path: Assets/Pixel Art Top Down - Basic (1)/Texture/TX Player.png
  artifactKey: Guid(0659ee61fd044e646a077484a314f672) Importer(815301076,1909f56bfc062723c751e8b465ee728b)
Start importing Assets/Pixel Art Top Down - Basic (1)/Texture/TX Player.png using Guid(0659ee61fd044e646a077484a314f672) Importer(815301076,1909f56bfc062723c751e8b465ee728b)  -> (artifact id: 'c5898aae8b59e98a67f336ca35d7c12c') in 0.030120 seconds
Number of updated asset objects reloaded before import = 0
Number of asset objects unloaded after import = 6
========================================================================
Received Import Request.
  Time since last request: 0.000013 seconds.
  path: Assets/Pixel Art Top Down - Basic (1)/Texture/TX Shadow.png
  artifactKey: Guid(e51d7408fc8d38b459fe450eea96ba73) Importer(815301076,1909f56bfc062723c751e8b465ee728b)
Start importing Assets/Pixel Art Top Down - Basic (1)/Texture/TX Shadow.png using Guid(e51d7408fc8d38b459fe450eea96ba73) Importer(815301076,1909f56bfc062723c751e8b465ee728b)  -> (artifact id: 'cb20743aad7a1ff5f6690b76725264b0') in 0.031886 seconds
Number of updated asset objects reloaded before import = 0
Number of asset objects unloaded after import = 3
========================================================================
Received Import Request.
  Time since last request: 0.000017 seconds.
  path: Assets/Pixel Art Top Down - Basic (1)/Texture/TX Tileset Stone Ground.png
  artifactKey: Guid(a8cec3d03ae66bb43b58211f1d31a43e) Importer(815301076,1909f56bfc062723c751e8b465ee728b)
Start importing Assets/Pixel Art Top Down - Basic (1)/Texture/TX Tileset Stone Ground.png using Guid(a8cec3d03ae66bb43b58211f1d31a43e) Importer(815301076,1909f56bfc062723c751e8b465ee728b)  -> (artifact id: '4ed03777a311fd1c1e359191a1481729') in 0.018252 seconds
Number of updated asset objects reloaded before import = 0
Number of asset objects unloaded after import = 3
========================================================================
Received Import Request.
  Time since last request: 0.000016 seconds.
  path: Assets/Pixel Art Top Down - Basic (1)/Texture/TX Player.asset
  artifactKey: Guid(cf49cd29f89858a478d20957690bb652) Importer(815301076,1909f56bfc062723c751e8b465ee728b)
Start importing Assets/Pixel Art Top Down - Basic (1)/Texture/TX Player.asset using Guid(cf49cd29f89858a478d20957690bb652) Importer(815301076,1909f56bfc062723c751e8b465ee728b)  -> (artifact id: 'c59de887d08aada5bd335808d4dd4f54') in 0.035485 seconds
Number of updated asset objects reloaded before import = 0
Number of asset objects unloaded after import = 3
========================================================================
Received Import Request.
  Time since last request: 0.000016 seconds.
  path: Assets/Pixel Art Top Down - Basic (1)/Texture/TX Shadow Plant.png
  artifactKey: Guid(7531b49dc61c99f43991cedc56d26994) Importer(815301076,1909f56bfc062723c751e8b465ee728b)
Start importing Assets/Pixel Art Top Down - Basic (1)/Texture/TX Shadow Plant.png using Guid(7531b49dc61c99f43991cedc56d26994) Importer(815301076,1909f56bfc062723c751e8b465ee728b)  -> (artifact id: '894f7949295875a60531bbae720ccc42') in 0.045788 seconds
Number of updated asset objects reloaded before import = 0
Number of asset objects unloaded after import = 3
========================================================================
Received Import Request.
  Time since last request: 0.000015 seconds.
  path: Assets/Pixel Art Top Down - Basic (1)/Texture/TX Struct.png
  artifactKey: Guid(fb7015d8f4bd88b408e37ac41434111a) Importer(815301076,1909f56bfc062723c751e8b465ee728b)
Start importing Assets/Pixel Art Top Down - Basic (1)/Texture/TX Struct.png using Guid(fb7015d8f4bd88b408e37ac41434111a) Importer(815301076,1909f56bfc062723c751e8b465ee728b)  -> (artifact id: '6fc4cc252f93f35bc47e79853bca0039') in 0.043366 seconds
Number of updated asset objects reloaded before import = 0
Number of asset objects unloaded after import = 10
Editor requested this worker to shutdown with reason: Scaling down because of idle timeout
TcpMessagingSession - receive error: operation aborted. errorcode: 995, details: The I/O operation has been aborted because of either a thread exit or an application request.
AssetImportWorker is now disconnected from the server
Process exiting
Exiting without the bug reporter. Application will terminate with return code 0