Using pre-set license
Built from '2022.3/staging' branch; Version is '2022.3.8f1 (b5eafc012955) revision 11922172'; Using compiler version '192829333'; Build Type 'Release'
OS: 'Windows 11  (10.0.22621) 64bit Core' Language: 'en' Physical Memory: 16163 MB
BatchMode: 1, IsHumanControllingUs: 0, StartBugReporterOnCrash: 0, Is64bit: 1, IsPro: 1

COMMAND LINE ARGUMENTS:
C:\Program Files\Unity\Hub\Editor\2022.3.8f1\Editor\Unity.exe
-adb2
-batchMode
-noUpm
-name
AssetImportWorker3
-projectPath
D:/GAMEENGINE3_Exercise
-logFile
Logs/AssetImportWorker3.log
-srvPort
49345
Successfully changed project path to: D:/GAMEENGINE3_Exercise
D:/GAMEENGINE3_Exercise
[UnityMemory] Configuration Parameters - Can be set up in boot.config
    "memorysetup-bucket-allocator-granularity=16"
    "memorysetup-bucket-allocator-bucket-count=8"
    "memorysetup-bucket-allocator-block-size=33554432"
    "memorysetup-bucket-allocator-block-count=8"
    "memorysetup-main-allocator-block-size=16777216"
    "memorysetup-thread-allocator-block-size=16777216"
    "memorysetup-gfx-main-allocator-block-size=16777216"
    "memorysetup-gfx-thread-allocator-block-size=16777216"
    "memorysetup-cache-allocator-block-size=4194304"
    "memorysetup-typetree-allocator-block-size=2097152"
    "memorysetup-profiler-bucket-allocator-granularity=16"
    "memorysetup-profiler-bucket-allocator-bucket-count=8"
    "memorysetup-profiler-bucket-allocator-block-size=33554432"
    "memorysetup-profiler-bucket-allocator-block-count=8"
    "memorysetup-profiler-allocator-block-size=16777216"
    "memorysetup-profiler-editor-allocator-block-size=1048576"
    "memorysetup-temp-allocator-size-main=16777216"
    "memorysetup-job-temp-allocator-block-size=2097152"
    "memorysetup-job-temp-allocator-block-size-background=1048576"
    "memorysetup-job-temp-allocator-reduction-small-platforms=262144"
    "memorysetup-allocator-temp-initial-block-size-main=262144"
    "memorysetup-allocator-temp-initial-block-size-worker=262144"
    "memorysetup-temp-allocator-size-background-worker=32768"
    "memorysetup-temp-allocator-size-job-worker=262144"
    "memorysetup-temp-allocator-size-preload-manager=33554432"
    "memorysetup-temp-allocator-size-nav-mesh-worker=65536"
    "memorysetup-temp-allocator-size-audio-worker=65536"
    "memorysetup-temp-allocator-size-cloud-worker=32768"
    "memorysetup-temp-allocator-size-gi-baking-worker=262144"
    "memorysetup-temp-allocator-size-gfx=262144"
Player connection [73560] Host "[IP] 192.168.155.237 [Port] 0 [Flags] 2 [Guid] 3115468405 [EditorId] 3115468405 [Version] 1048832 [Id] WindowsEditor(7,Havadora) [Debug] 1 [PackageName] WindowsEditor [ProjectName] Editor" joined multi-casting on [225.0.0.222:54997]...

Player connection [73560] Host "[IP] 192.168.155.237 [Port] 0 [Flags] 2 [Guid] 3115468405 [EditorId] 3115468405 [Version] 1048832 [Id] WindowsEditor(7,Havadora) [Debug] 1 [PackageName] WindowsEditor [ProjectName] Editor" joined alternative multi-casting on [225.0.0.222:34997]...

[Physics::Module] Initialized MultithreadedJobDispatcher with 15 workers.
Refreshing native plugins compatible for Editor in 7.39 ms, found 4 plugins.
Preloading 0 native plugins for Editor in 0.00 ms.
Initialize engine version: 2022.3.8f1 (b5eafc012955)
[Subsystems] Discovering subsystems at path C:/Program Files/Unity/Hub/Editor/2022.3.8f1/Editor/Data/Resources/UnitySubsystems
[Subsystems] Discovering subsystems at path D:/GAMEENGINE3_Exercise/Assets
GfxDevice: creating device client; threaded=0; jobified=0
Direct3D:
    Version:  Direct3D 11.0 [level 11.1]
    Renderer: NVIDIA GeForce RTX 3060 Laptop GPU (ID=0x2520)
    Vendor:   NVIDIA
    VRAM:     6023 MB
    Driver:   31.0.15.1748
Initialize mono
Mono path[0] = 'C:/Program Files/Unity/Hub/Editor/2022.3.8f1/Editor/Data/Managed'
Mono path[1] = 'C:/Program Files/Unity/Hub/Editor/2022.3.8f1/Editor/Data/MonoBleedingEdge/lib/mono/unityjit-win32'
Mono config path = 'C:/Program Files/Unity/Hub/Editor/2022.3.8f1/Editor/Data/MonoBleedingEdge/etc'
Using monoOptions --debugger-agent=transport=dt_socket,embedding=1,server=y,suspend=n,address=127.0.0.1:56868
Begin MonoManager ReloadAssembly
Registering precompiled unity dll's ...
Register platform support module: C:/Program Files/Unity/Hub/Editor/2022.3.8f1/Editor/Data/PlaybackEngines/WebGLSupport/UnityEditor.WebGL.Extensions.dll
Register platform support module: C:/Program Files/Unity/Hub/Editor/2022.3.8f1/Editor/Data/PlaybackEngines/WindowsStandaloneSupport/UnityEditor.WindowsStandalone.Extensions.dll
Registered in 0.005152 seconds.
- Loaded All Assemblies, in  0.364 seconds
Native extension for WindowsStandalone target not found
Native extension for WebGL target not found
Mono: successfully reloaded assembly
- Finished resetting the current domain, in  0.244 seconds
Domain Reload Profiling: 607ms
	BeginReloadAssembly (100ms)
		ExecutionOrderSort (0ms)
		DisableScriptedObjects (0ms)
		BackupInstance (0ms)
		ReleaseScriptingObjects (0ms)
		CreateAndSetChildDomain (1ms)
	RebuildCommonClasses (40ms)
	RebuildNativeTypeToScriptingClass (14ms)
	initialDomainReloadingComplete (56ms)
	LoadAllAssembliesAndSetupDomain (153ms)
		LoadAssemblies (99ms)
		RebuildTransferFunctionScriptingTraits (0ms)
		AnalyzeDomain (151ms)
			TypeCache.Refresh (149ms)
				TypeCache.ScanAssembly (136ms)
			ScanForSourceGeneratedMonoScriptInfo (0ms)
			ResolveRequiredComponents (0ms)
	FinalizeReload (245ms)
		ReleaseScriptCaches (0ms)
		RebuildScriptCaches (0ms)
		SetupLoadedEditorAssemblies (188ms)
			LogAssemblyErrors (0ms)
			InitializePlatformSupportModulesInManaged (10ms)
			SetLoadedEditorAssemblies (5ms)
			RefreshPlugins (0ms)
			BeforeProcessingInitializeOnLoad (2ms)
			ProcessInitializeOnLoadAttributes (118ms)
			ProcessInitializeOnLoadMethodAttributes (52ms)
			AfterProcessingInitializeOnLoad (0ms)
			EditorAssembliesLoaded (0ms)
		ExecutionOrderSort2 (0ms)
		AwakeInstancesAfterBackupRestoration (0ms)
========================================================================
Worker process is ready to serve import requests
Begin MonoManager ReloadAssembly
- Loaded All Assemblies, in  0.700 seconds
Refreshing native plugins compatible for Editor in 3.49 ms, found 4 plugins.
Native extension for WindowsStandalone target not found
Native extension for WebGL target not found
Package Manager log level set to [2]
[Package Manager] Server::EnsureServerProcessIsRunning -- launch failed, reason: Unity was launched with the -noUpm command-line argument
[Package Manager] UpmClient::Send -- Unable to send message (not connected to UPM process).
[Package Manager] Cannot connect to Unity Package Manager local server
Mono: successfully reloaded assembly
- Finished resetting the current domain, in  0.753 seconds
Domain Reload Profiling: 1454ms
	BeginReloadAssembly (156ms)
		ExecutionOrderSort (0ms)
		DisableScriptedObjects (4ms)
		BackupInstance (0ms)
		ReleaseScriptingObjects (0ms)
		CreateAndSetChildDomain (25ms)
	RebuildCommonClasses (29ms)
	RebuildNativeTypeToScriptingClass (12ms)
	initialDomainReloadingComplete (39ms)
	LoadAllAssembliesAndSetupDomain (465ms)
		LoadAssemblies (331ms)
		RebuildTransferFunctionScriptingTraits (0ms)
		AnalyzeDomain (211ms)
			TypeCache.Refresh (170ms)
				TypeCache.ScanAssembly (151ms)
			ScanForSourceGeneratedMonoScriptInfo (26ms)
			ResolveRequiredComponents (12ms)
	FinalizeReload (754ms)
		ReleaseScriptCaches (0ms)
		RebuildScriptCaches (0ms)
		SetupLoadedEditorAssemblies (561ms)
			LogAssemblyErrors (0ms)
			InitializePlatformSupportModulesInManaged (6ms)
			SetLoadedEditorAssemblies (6ms)
			RefreshPlugins (0ms)
			BeforeProcessingInitializeOnLoad (117ms)
			ProcessInitializeOnLoadAttributes (353ms)
			ProcessInitializeOnLoadMethodAttributes (74ms)
			AfterProcessingInitializeOnLoad (4ms)
			EditorAssembliesLoaded (0ms)
		ExecutionOrderSort2 (0ms)
		AwakeInstancesAfterBackupRestoration (6ms)
Launched and connected shader compiler UnityShaderCompiler.exe after 0.04 seconds
Refreshing native plugins compatible for Editor in 4.34 ms, found 4 plugins.
Preloading 0 native plugins for Editor in 0.00 ms.
Unloading 5580 Unused Serialized files (Serialized files now loaded: 0)
Unloading 87 unused Assets / (0.7 MB). Loaded Objects now: 6040.
Memory consumption went from 198.6 MB to 197.9 MB.
Total: 6.842600 ms (FindLiveObjects: 0.623200 ms CreateObjectMapping: 0.478900 ms MarkObjects: 5.015800 ms  DeleteObjects: 0.722900 ms)

AssetImportParameters requested are different than current active one (requested -> active):
  custom:container-demuxer-ogg: 62fdf1f143b41e24485cea50d1cbac27 -> 
  custom:video-decoder-ogg-theora: a1e56fd34408186e4bbccfd4996cb3dc -> 
  custom:framework-win-MediaFoundation: 216162199b28c13a410421893ffa2e32 -> 
  custom:CustomObjectIndexerAttribute: a3ef5dd2817f97addfee359851a9dba5 -> 
  custom:container-demuxer-webm: 4f35f7cbe854078d1ac9338744f61a02 -> 
  custom:container-muxer-webm: aa71ff27fc2769a1b78a27578f13a17b -> 
  custom:video-decoder-webm-vp8: 9c59270c3fd7afecdb556c50c9e8de78 -> 
  custom:SearchIndexIgnoredProperties: e643bd26f0fe6173181afceb89e7c659 -> 
  custom:AudioImporter_EditorPlatform: d09bf68614088b80899f8185d706f6e7 -> 
  custom:video-encoder-webm-vp8: eb34c28f22e8b96e1ab97ce403110664 -> 
  custom:audio-decoder-ogg-vorbis: bf7c407c2cedff20999df2af8eb42d56 -> 
  custom:audio-encoder-webm-vorbis: bf7c407c2cedff20999df2af8eb42d56 -> 
========================================================================
Received Import Request.
  Time since last request: 743956.518590 seconds.
  path: Assets/Pixel Art Top Down - Basic (1)/Texture/Tile/TX Props_3.asset
  artifactKey: Guid(6be511d781dd7ac4da84345b083110c4) Importer(2089858483,0ecaa5967403d082aa24f35e1b516d23)
Start importing Assets/Pixel Art Top Down - Basic (1)/Texture/Tile/TX Props_3.asset using Guid(6be511d781dd7ac4da84345b083110c4) Importer(2089858483,0ecaa5967403d082aa24f35e1b516d23) Generated GUIDs only implemented for interfaces!
 -> (artifact id: 'a45fb872a95dfb4d516ee0a7817165a8') in 0.160158 seconds
Number of updated asset objects reloaded before import = 0
Number of asset objects unloaded after import = 3
========================================================================
Received Import Request.
  Time since last request: 0.000025 seconds.
  path: Assets/Cainos/Pixel Art Top Down - Basic/Texture/TX Tileset Wall.png
  artifactKey: Guid(9f8f114589864b6489859a58fbb6baf9) Importer(2089858483,0ecaa5967403d082aa24f35e1b516d23)
Start importing Assets/Cainos/Pixel Art Top Down - Basic/Texture/TX Tileset Wall.png using Guid(9f8f114589864b6489859a58fbb6baf9) Importer(2089858483,0ecaa5967403d082aa24f35e1b516d23) Generated GUIDs only implemented for interfaces!
 -> (artifact id: '129d420a35a88c8d544bbdea50c1cab7') in 0.297818 seconds
Number of updated asset objects reloaded before import = 0
Number of asset objects unloaded after import = 63
========================================================================
Received Import Request.
  Time since last request: 0.000032 seconds.
  path: Assets/Cainos/Pixel Art Top Down - Basic/Prefab/Plant/PF Grass F.prefab
  artifactKey: Guid(84d669757910f1f488023c92e71fcad5) Importer(2089858483,0ecaa5967403d082aa24f35e1b516d23)
Start importing Assets/Cainos/Pixel Art Top Down - Basic/Prefab/Plant/PF Grass F.prefab using Guid(84d669757910f1f488023c92e71fcad5) Importer(2089858483,0ecaa5967403d082aa24f35e1b516d23) Generated GUIDs only implemented for interfaces!
 -> (artifact id: '0f3a31f6441ab8eec852af686b5a9882') in 0.091155 seconds
Number of updated asset objects reloaded before import = 0
Number of asset objects unloaded after import = 7
========================================================================
Received Import Request.
  Time since last request: 0.000040 seconds.
  path: Assets/UserSettings/Layouts/default-2022.dwlt
  artifactKey: Guid(ef7315f62227e4a47afcf87f99616211) Importer(2089858483,0ecaa5967403d082aa24f35e1b516d23)
Start importing Assets/UserSettings/Layouts/default-2022.dwlt using Guid(ef7315f62227e4a47afcf87f99616211) Importer(2089858483,0ecaa5967403d082aa24f35e1b516d23) Generated GUIDs only implemented for interfaces!
 -> (artifact id: 'e465593f15ac7b78f5d193d4833c8d38') in 0.009891 seconds
Number of updated asset objects reloaded before import = 0
Number of asset objects unloaded after import = 1
========================================================================
Received Import Request.
  Time since last request: 0.000023 seconds.
  path: Assets/Pixel Art Top Down - Basic (1)/Texture/Tile/Object.prefab
  artifactKey: Guid(f446a15af041f514e8e9af50a76b7b08) Importer(2089858483,0ecaa5967403d082aa24f35e1b516d23)
Start importing Assets/Pixel Art Top Down - Basic (1)/Texture/Tile/Object.prefab using Guid(f446a15af041f514e8e9af50a76b7b08) Importer(2089858483,0ecaa5967403d082aa24f35e1b516d23) Generated GUIDs only implemented for interfaces!
 -> (artifact id: 'ff21383888ac93fbc560b751b466b244') in 0.093576 seconds
Number of updated asset objects reloaded before import = 0
Number of asset objects unloaded after import = 10
========================================================================
Received Import Request.
  Time since last request: 0.000019 seconds.
  path: Assets/Cainos/Pixel Art Top Down - Basic/Tile Palette/TP Stone Ground/TX Tileset Stone Ground_24.asset
  artifactKey: Guid(8aa304b3e853f0248a0a03c60f4de4be) Importer(2089858483,0ecaa5967403d082aa24f35e1b516d23)
Start importing Assets/Cainos/Pixel Art Top Down - Basic/Tile Palette/TP Stone Ground/TX Tileset Stone Ground_24.asset using Guid(8aa304b3e853f0248a0a03c60f4de4be) Importer(2089858483,0ecaa5967403d082aa24f35e1b516d23) Generated GUIDs only implemented for interfaces!
 -> (artifact id: '27f439e9bddb5ec42153a2f4744a14eb') in 0.011915 seconds
Number of updated asset objects reloaded before import = 0
Number of asset objects unloaded after import = 3
========================================================================
Received Import Request.
  Time since last request: 0.000016 seconds.
  path: Assets/Cainos/Pixel Art Top Down - Basic/Tile Palette/TP Stone Ground/TX Tileset Stone Ground_49.asset
  artifactKey: Guid(d10c0d9020c08704a8956f246436fdb3) Importer(2089858483,0ecaa5967403d082aa24f35e1b516d23)
Start importing Assets/Cainos/Pixel Art Top Down - Basic/Tile Palette/TP Stone Ground/TX Tileset Stone Ground_49.asset using Guid(d10c0d9020c08704a8956f246436fdb3) Importer(2089858483,0ecaa5967403d082aa24f35e1b516d23) Generated GUIDs only implemented for interfaces!
 -> (artifact id: '7b75005c571a64f4d09554eb4446a383') in 0.011421 seconds
Number of updated asset objects reloaded before import = 0
Number of asset objects unloaded after import = 3
========================================================================
Received Import Request.
  Time since last request: 0.000016 seconds.
  path: Assets/Cainos/Pixel Art Top Down - Basic/Tile Palette/TP Grass/TX Tileset Grass_55.asset
  artifactKey: Guid(7545dac8dcb9b6a48aa8ff5fd623e811) Importer(2089858483,0ecaa5967403d082aa24f35e1b516d23)
Start importing Assets/Cainos/Pixel Art Top Down - Basic/Tile Palette/TP Grass/TX Tileset Grass_55.asset using Guid(7545dac8dcb9b6a48aa8ff5fd623e811) Importer(2089858483,0ecaa5967403d082aa24f35e1b516d23) Generated GUIDs only implemented for interfaces!
 -> (artifact id: '1de280d7697a6c5cd22e3aa5bda7a950') in 0.013402 seconds
Number of updated asset objects reloaded before import = 0
Number of asset objects unloaded after import = 3
========================================================================
Received Import Request.
  Time since last request: 0.000029 seconds.
  path: Assets/Cainos/Pixel Art Top Down - Basic/Tile Palette/TP Stone Ground/TX Tileset Stone Ground_46.asset
  artifactKey: Guid(34c4a150aba65a2479c36b372053f984) Importer(2089858483,0ecaa5967403d082aa24f35e1b516d23)
Start importing Assets/Cainos/Pixel Art Top Down - Basic/Tile Palette/TP Stone Ground/TX Tileset Stone Ground_46.asset using Guid(34c4a150aba65a2479c36b372053f984) Importer(2089858483,0ecaa5967403d082aa24f35e1b516d23) Generated GUIDs only implemented for interfaces!
 -> (artifact id: 'd492ea6ccca7eb78a283f1372d2f2c05') in 0.009041 seconds
Number of updated asset objects reloaded before import = 0
Number of asset objects unloaded after import = 3
========================================================================
Received Import Request.
  Time since last request: 0.000019 seconds.
  path: Assets/Cainos/Pixel Art Top Down - Basic/Tile Palette/TP Stone Ground/TX Tileset Stone Ground_43.asset
  artifactKey: Guid(eef9691b1631014439dae500aba2926f) Importer(2089858483,0ecaa5967403d082aa24f35e1b516d23)
Start importing Assets/Cainos/Pixel Art Top Down - Basic/Tile Palette/TP Stone Ground/TX Tileset Stone Ground_43.asset using Guid(eef9691b1631014439dae500aba2926f) Importer(2089858483,0ecaa5967403d082aa24f35e1b516d23) Generated GUIDs only implemented for interfaces!
 -> (artifact id: '3061a0280cfdd05648a4962caf760e9e') in 0.010296 seconds
Number of updated asset objects reloaded before import = 0
Number of asset objects unloaded after import = 3
========================================================================
Received Import Request.
  Time since last request: 0.000019 seconds.
  path: Assets/Cainos/Pixel Art Top Down - Basic/Tile Palette/TP Stone Ground/TX Tileset Stone Ground_39.asset
  artifactKey: Guid(15dd07e381bfec6488f6da823213e8b2) Importer(2089858483,0ecaa5967403d082aa24f35e1b516d23)
Start importing Assets/Cainos/Pixel Art Top Down - Basic/Tile Palette/TP Stone Ground/TX Tileset Stone Ground_39.asset using Guid(15dd07e381bfec6488f6da823213e8b2) Importer(2089858483,0ecaa5967403d082aa24f35e1b516d23) Generated GUIDs only implemented for interfaces!
 -> (artifact id: 'f5120a51664055a636c518e752a8010f') in 0.010815 seconds
Number of updated asset objects reloaded before import = 0
Number of asset objects unloaded after import = 3
========================================================================
Received Import Request.
  Time since last request: 0.000021 seconds.
  path: Assets/Cainos/Pixel Art Top Down - Basic/Tile Palette/TP Stone Ground/TX Tileset Stone Ground_7.asset
  artifactKey: Guid(7ce0e64acc4968343b4d0742ee6963a8) Importer(2089858483,0ecaa5967403d082aa24f35e1b516d23)
Start importing Assets/Cainos/Pixel Art Top Down - Basic/Tile Palette/TP Stone Ground/TX Tileset Stone Ground_7.asset using Guid(7ce0e64acc4968343b4d0742ee6963a8) Importer(2089858483,0ecaa5967403d082aa24f35e1b516d23) Generated GUIDs only implemented for interfaces!
 -> (artifact id: '051e35d505952af1a3442feb8a804b96') in 0.011097 seconds
Number of updated asset objects reloaded before import = 0
Number of asset objects unloaded after import = 3
========================================================================
Received Import Request.
  Time since last request: 0.000036 seconds.
  path: Assets/Cainos/Pixel Art Top Down - Basic/Prefab/Props/PF Props Stone T3.prefab
  artifactKey: Guid(ba7fef4c928d8c4459466bf93171730e) Importer(2089858483,0ecaa5967403d082aa24f35e1b516d23)
Start importing Assets/Cainos/Pixel Art Top Down - Basic/Prefab/Props/PF Props Stone T3.prefab using Guid(ba7fef4c928d8c4459466bf93171730e) Importer(2089858483,0ecaa5967403d082aa24f35e1b516d23) Generated GUIDs only implemented for interfaces!
 -> (artifact id: '95e2f928f9babff726d1e1bd451d2e96') in 0.022108 seconds
Number of updated asset objects reloaded before import = 0
Number of asset objects unloaded after import = 15
========================================================================
Received Import Request.
  Time since last request: 0.000018 seconds.
  path: Assets/Cainos/Pixel Art Top Down - Basic/Prefab/Props/PF Gate T2.prefab
  artifactKey: Guid(b95acdc3b0c1a444c87723520fbab2f0) Importer(2089858483,0ecaa5967403d082aa24f35e1b516d23)
Start importing Assets/Cainos/Pixel Art Top Down - Basic/Prefab/Props/PF Gate T2.prefab using Guid(b95acdc3b0c1a444c87723520fbab2f0) Importer(2089858483,0ecaa5967403d082aa24f35e1b516d23) Generated GUIDs only implemented for interfaces!
 -> (artifact id: '9667d1ac9faef94a26547f74227f07a6') in 0.015895 seconds
Number of updated asset objects reloaded before import = 0
Number of asset objects unloaded after import = 28
========================================================================
Received Import Request.
  Time since last request: 0.000020 seconds.
  path: Assets/Cainos/Pixel Art Top Down - Basic/Tile Palette/TP Wall/TX Tileset Wall_37.asset
  artifactKey: Guid(36928b9ff4f11f543833d3dbad299083) Importer(2089858483,0ecaa5967403d082aa24f35e1b516d23)
Start importing Assets/Cainos/Pixel Art Top Down - Basic/Tile Palette/TP Wall/TX Tileset Wall_37.asset using Guid(36928b9ff4f11f543833d3dbad299083) Importer(2089858483,0ecaa5967403d082aa24f35e1b516d23) Generated GUIDs only implemented for interfaces!
 -> (artifact id: '934d7bf643691873cf8d7983e49e67cc') in 0.011977 seconds
Number of updated asset objects reloaded before import = 0
Number of asset objects unloaded after import = 3
========================================================================
Received Import Request.
  Time since last request: 0.000015 seconds.
  path: Assets/Cainos/Pixel Art Top Down - Basic/Tile Palette/TP Wall/TX Tileset Wall_17.asset
  artifactKey: Guid(91cb03f8c22d3984389f65d131eeb946) Importer(2089858483,0ecaa5967403d082aa24f35e1b516d23)
Start importing Assets/Cainos/Pixel Art Top Down - Basic/Tile Palette/TP Wall/TX Tileset Wall_17.asset using Guid(91cb03f8c22d3984389f65d131eeb946) Importer(2089858483,0ecaa5967403d082aa24f35e1b516d23) Generated GUIDs only implemented for interfaces!
 -> (artifact id: '46283c67cd74b6844c070813600cb3ad') in 0.857912 seconds
Number of updated asset objects reloaded before import = 0
Number of asset objects unloaded after import = 3
========================================================================
Received Import Request.
  Time since last request: 0.000026 seconds.
  path: Assets/Cainos/Pixel Art Top Down - Basic/Tile Palette/TP Wall/TX Tileset Wall_41.asset
  artifactKey: Guid(4dfdf77930f6d2b4b986bb91965139a3) Importer(2089858483,0ecaa5967403d082aa24f35e1b516d23)
Start importing Assets/Cainos/Pixel Art Top Down - Basic/Tile Palette/TP Wall/TX Tileset Wall_41.asset using Guid(4dfdf77930f6d2b4b986bb91965139a3) Importer(2089858483,0ecaa5967403d082aa24f35e1b516d23) Generated GUIDs only implemented for interfaces!
 -> (artifact id: 'ed9cf2bac003cae90cd61ce1061c7d4e') in 0.010831 seconds
Number of updated asset objects reloaded before import = 0
Number of asset objects unloaded after import = 3
========================================================================
Received Import Request.
  Time since last request: 0.000030 seconds.
  path: Assets/Cainos/Pixel Art Top Down - Basic/Tile Palette/TP Wall/TX Tileset Wall_4.asset
  artifactKey: Guid(b6bf52d8442ce1847a688215b6ba04da) Importer(2089858483,0ecaa5967403d082aa24f35e1b516d23)
Start importing Assets/Cainos/Pixel Art Top Down - Basic/Tile Palette/TP Wall/TX Tileset Wall_4.asset using Guid(b6bf52d8442ce1847a688215b6ba04da) Importer(2089858483,0ecaa5967403d082aa24f35e1b516d23) Generated GUIDs only implemented for interfaces!
 -> (artifact id: '03d0cd109a5c5996a6945b2e282b13ea') in 0.109599 seconds
Number of updated asset objects reloaded before import = 0
Number of asset objects unloaded after import = 3
========================================================================
Received Import Request.
  Time since last request: 0.000015 seconds.
  path: Assets/Cainos/Pixel Art Top Down - Basic/Tile Palette/TP Wall/TX Tileset Wall_44.asset
  artifactKey: Guid(6f6e5fa7aced9ba499e35a5f79839641) Importer(2089858483,0ecaa5967403d082aa24f35e1b516d23)
Start importing Assets/Cainos/Pixel Art Top Down - Basic/Tile Palette/TP Wall/TX Tileset Wall_44.asset using Guid(6f6e5fa7aced9ba499e35a5f79839641) Importer(2089858483,0ecaa5967403d082aa24f35e1b516d23) Generated GUIDs only implemented for interfaces!
 -> (artifact id: 'd6e4ec10507f887c0afab0f86490c4ff') in 0.011658 seconds
Number of updated asset objects reloaded before import = 0
Number of asset objects unloaded after import = 3
========================================================================
Received Import Request.
  Time since last request: 0.000021 seconds.
  path: Assets/Cainos/Pixel Art Top Down - Basic/Tile Palette/TP Wall/TX Tileset Wall_34.asset
  artifactKey: Guid(3e71cd8fd02745948b1ad875522f5f72) Importer(2089858483,0ecaa5967403d082aa24f35e1b516d23)
Start importing Assets/Cainos/Pixel Art Top Down - Basic/Tile Palette/TP Wall/TX Tileset Wall_34.asset using Guid(3e71cd8fd02745948b1ad875522f5f72) Importer(2089858483,0ecaa5967403d082aa24f35e1b516d23) Generated GUIDs only implemented for interfaces!
 -> (artifact id: '5dc7aec6a81b9718ee8f74137c8672c1') in 0.010509 seconds
Number of updated asset objects reloaded before import = 0
Number of asset objects unloaded after import = 3
========================================================================
Received Import Request.
  Time since last request: 0.000019 seconds.
  path: Assets/Cainos/Pixel Art Top Down - Basic/Tile Palette/TP Wall/TX Tileset Wall_25.asset
  artifactKey: Guid(8be27a7af89a7164283e45689a61753d) Importer(2089858483,0ecaa5967403d082aa24f35e1b516d23)
Start importing Assets/Cainos/Pixel Art Top Down - Basic/Tile Palette/TP Wall/TX Tileset Wall_25.asset using Guid(8be27a7af89a7164283e45689a61753d) Importer(2089858483,0ecaa5967403d082aa24f35e1b516d23) Generated GUIDs only implemented for interfaces!
 -> (artifact id: 'cc2ed02575cb3fc703771426b7a00f10') in 0.162862 seconds
Number of updated asset objects reloaded before import = 0
Number of asset objects unloaded after import = 3
========================================================================
Received Import Request.
  Time since last request: 0.000024 seconds.
  path: Assets/Cainos/Pixel Art Top Down - Basic/Tile Palette/TP Wall/TX Tileset Wall_40.asset
  artifactKey: Guid(f0efd6c3ea0abaa4c906ce6de5e78168) Importer(2089858483,0ecaa5967403d082aa24f35e1b516d23)
Start importing Assets/Cainos/Pixel Art Top Down - Basic/Tile Palette/TP Wall/TX Tileset Wall_40.asset using Guid(f0efd6c3ea0abaa4c906ce6de5e78168) Importer(2089858483,0ecaa5967403d082aa24f35e1b516d23) Generated GUIDs only implemented for interfaces!
 -> (artifact id: '8a646fc22747e72fb0eaad53bc9f1229') in 0.010694 seconds
Number of updated asset objects reloaded before import = 0
Number of asset objects unloaded after import = 3
========================================================================
Received Import Request.
  Time since last request: 0.000024 seconds.
  path: Assets/Cainos/Pixel Art Top Down - Basic/Tile Palette/TP Wall/TX Tileset Wall_42.asset
  artifactKey: Guid(083f670d86161df46808cdc2e1eb02ab) Importer(2089858483,0ecaa5967403d082aa24f35e1b516d23)
Start importing Assets/Cainos/Pixel Art Top Down - Basic/Tile Palette/TP Wall/TX Tileset Wall_42.asset using Guid(083f670d86161df46808cdc2e1eb02ab) Importer(2089858483,0ecaa5967403d082aa24f35e1b516d23) Generated GUIDs only implemented for interfaces!
 -> (artifact id: 'acda67366e820dd71b33a80ece87eba9') in 0.011517 seconds
Number of updated asset objects reloaded before import = 0
Number of asset objects unloaded after import = 3
========================================================================
Received Import Request.
  Time since last request: 0.000018 seconds.
  path: Assets/Cainos/Pixel Art Top Down - Basic/Tile Palette/TP Wall/TX Tileset Wall_29.asset
  artifactKey: Guid(5cb2704116eff4443b949135e9fe07f9) Importer(2089858483,0ecaa5967403d082aa24f35e1b516d23)
Start importing Assets/Cainos/Pixel Art Top Down - Basic/Tile Palette/TP Wall/TX Tileset Wall_29.asset using Guid(5cb2704116eff4443b949135e9fe07f9) Importer(2089858483,0ecaa5967403d082aa24f35e1b516d23) Generated GUIDs only implemented for interfaces!
 -> (artifact id: 'cd0ddf8c0bf57d136240c0d52e8ccd07') in 0.145458 seconds
Number of updated asset objects reloaded before import = 0
Number of asset objects unloaded after import = 3
========================================================================
Received Import Request.
  Time since last request: 0.000017 seconds.
  path: Assets/Cainos/Pixel Art Top Down - Basic/Tile Palette/TP Wall/TX Tileset Wall_43.asset
  artifactKey: Guid(ada4c775f3d0f8e459af2867f50f7b33) Importer(2089858483,0ecaa5967403d082aa24f35e1b516d23)
Start importing Assets/Cainos/Pixel Art Top Down - Basic/Tile Palette/TP Wall/TX Tileset Wall_43.asset using Guid(ada4c775f3d0f8e459af2867f50f7b33) Importer(2089858483,0ecaa5967403d082aa24f35e1b516d23) Generated GUIDs only implemented for interfaces!
 -> (artifact id: 'a52fc1dcc731a9f751b0fa74b1cd91bb') in 0.062646 seconds
Number of updated asset objects reloaded before import = 0
Number of asset objects unloaded after import = 3
========================================================================
Received Import Request.
  Time since last request: 0.000016 seconds.
  path: Assets/Cainos/Pixel Art Top Down - Basic/Tile Palette/TP Wall/TX Tileset Wall_24.asset
  artifactKey: Guid(2660ccf03c140484bae5749a058153f6) Importer(2089858483,0ecaa5967403d082aa24f35e1b516d23)
Start importing Assets/Cainos/Pixel Art Top Down - Basic/Tile Palette/TP Wall/TX Tileset Wall_24.asset using Guid(2660ccf03c140484bae5749a058153f6) Importer(2089858483,0ecaa5967403d082aa24f35e1b516d23) Generated GUIDs only implemented for interfaces!
 -> (artifact id: '658efa394edc6ddffe41938f5101720a') in 0.010700 seconds
Number of updated asset objects reloaded before import = 0
Number of asset objects unloaded after import = 3
========================================================================
Received Import Request.
  Time since last request: 0.000024 seconds.
  path: Assets/Cainos/Pixel Art Top Down - Basic/Tile Palette/TP Wall/TX Tileset Wall_47.asset
  artifactKey: Guid(878b0f96c438d7a469c4ed3ee8afc16c) Importer(2089858483,0ecaa5967403d082aa24f35e1b516d23)
Start importing Assets/Cainos/Pixel Art Top Down - Basic/Tile Palette/TP Wall/TX Tileset Wall_47.asset using Guid(878b0f96c438d7a469c4ed3ee8afc16c) Importer(2089858483,0ecaa5967403d082aa24f35e1b516d23) Generated GUIDs only implemented for interfaces!
 -> (artifact id: '5a8e85ad799aeea5919827d1a6a2437c') in 0.011005 seconds
Number of updated asset objects reloaded before import = 0
Number of asset objects unloaded after import = 3
========================================================================
Received Import Request.
  Time since last request: 0.000016 seconds.
  path: Assets/Cainos/Pixel Art Top Down - Basic/Tile Palette/TP Wall/TX Tileset Wall_48.asset
  artifactKey: Guid(590e2b09452a4594994d97cbc5d5a3e3) Importer(2089858483,0ecaa5967403d082aa24f35e1b516d23)
Start importing Assets/Cainos/Pixel Art Top Down - Basic/Tile Palette/TP Wall/TX Tileset Wall_48.asset using Guid(590e2b09452a4594994d97cbc5d5a3e3) Importer(2089858483,0ecaa5967403d082aa24f35e1b516d23) Generated GUIDs only implemented for interfaces!
 -> (artifact id: 'eced539853472eed2edde9753f0b3d33') in 0.010147 seconds
Number of updated asset objects reloaded before import = 0
Number of asset objects unloaded after import = 3
========================================================================
Received Import Request.
  Time since last request: 0.000013 seconds.
  path: Assets/Pixel Art Top Down - Basic (1)/RandomEncounter.prefab
  artifactKey: Guid(cb5f30a9ce60d744799a00a748261bf2) Importer(2089858483,0ecaa5967403d082aa24f35e1b516d23)
Start importing Assets/Pixel Art Top Down - Basic (1)/RandomEncounter.prefab using Guid(cb5f30a9ce60d744799a00a748261bf2) Importer(2089858483,0ecaa5967403d082aa24f35e1b516d23) Generated GUIDs only implemented for interfaces!
 -> (artifact id: '534963a52d3f3d1aaab88620233dd8fe') in 0.093498 seconds
Number of updated asset objects reloaded before import = 0
Number of asset objects unloaded after import = 9
========================================================================
Received Import Request.
  Time since last request: 0.000014 seconds.
  path: Assets/Cainos/Pixel Art Top Down - Basic/Tile Palette/TP Wall/TX Tileset Wall_57.asset
  artifactKey: Guid(8a34a97d3972ac841ab5aff6d72e9b1e) Importer(2089858483,0ecaa5967403d082aa24f35e1b516d23)
Start importing Assets/Cainos/Pixel Art Top Down - Basic/Tile Palette/TP Wall/TX Tileset Wall_57.asset using Guid(8a34a97d3972ac841ab5aff6d72e9b1e) Importer(2089858483,0ecaa5967403d082aa24f35e1b516d23) Generated GUIDs only implemented for interfaces!
 -> (artifact id: '98604dede0ca99bfacd40eb355b7b52e') in 0.011957 seconds
Number of updated asset objects reloaded before import = 0
Number of asset objects unloaded after import = 3
========================================================================
Received Import Request.
  Time since last request: 0.000014 seconds.
  path: Assets/Pixel Art Top Down - Basic (1)/Texture/TX Tileset Stone Ground.png
  artifactKey: Guid(9a62d753e254e6f47a2690517d5c19d2) Importer(2089858483,0ecaa5967403d082aa24f35e1b516d23)
Start importing Assets/Pixel Art Top Down - Basic (1)/Texture/TX Tileset Stone Ground.png using Guid(9a62d753e254e6f47a2690517d5c19d2) Importer(2089858483,0ecaa5967403d082aa24f35e1b516d23) Generated GUIDs only implemented for interfaces!
 -> (artifact id: '5645d7d3e076e8a6c12904bfff458823') in 0.025180 seconds
Number of updated asset objects reloaded before import = 0
Number of asset objects unloaded after import = 3
========================================================================
Received Import Request.
  Time since last request: 0.000021 seconds.
  path: Assets/Pixel Art Top Down - Basic (1)/Texture/Tile/TX Props_30.asset
  artifactKey: Guid(b3958d88c36ab774f81cfe5239153f9b) Importer(2089858483,0ecaa5967403d082aa24f35e1b516d23)
Start importing Assets/Pixel Art Top Down - Basic (1)/Texture/Tile/TX Props_30.asset using Guid(b3958d88c36ab774f81cfe5239153f9b) Importer(2089858483,0ecaa5967403d082aa24f35e1b516d23) Generated GUIDs only implemented for interfaces!
 -> (artifact id: 'fd5b6bb43c57e7861fd619d0af22dab8') in 0.010822 seconds
Number of updated asset objects reloaded before import = 0
Number of asset objects unloaded after import = 3
========================================================================
Received Import Request.
  Time since last request: 0.000016 seconds.
  path: Assets/Cainos/Pixel Art Top Down - Basic/Tile Palette/TP Wall/TX Tileset Wall_19.asset
  artifactKey: Guid(593e9d35d4ade4041a13ab33b9a1040f) Importer(2089858483,0ecaa5967403d082aa24f35e1b516d23)
Start importing Assets/Cainos/Pixel Art Top Down - Basic/Tile Palette/TP Wall/TX Tileset Wall_19.asset using Guid(593e9d35d4ade4041a13ab33b9a1040f) Importer(2089858483,0ecaa5967403d082aa24f35e1b516d23) Generated GUIDs only implemented for interfaces!
 -> (artifact id: '61b2372bb3e8802a5af36ba08ed6d8b3') in 0.050067 seconds
Number of updated asset objects reloaded before import = 0
Number of asset objects unloaded after import = 3
========================================================================
Received Import Request.
  Time since last request: 0.000019 seconds.
  path: Assets/Pixel Art Top Down - Basic (1)/Texture/Tile/TX Struct_6 1.asset
  artifactKey: Guid(6af9344a6ca73e84c9ffcbd579bbe4be) Importer(2089858483,0ecaa5967403d082aa24f35e1b516d23)
Start importing Assets/Pixel Art Top Down - Basic (1)/Texture/Tile/TX Struct_6 1.asset using Guid(6af9344a6ca73e84c9ffcbd579bbe4be) Importer(2089858483,0ecaa5967403d082aa24f35e1b516d23) Generated GUIDs only implemented for interfaces!
 -> (artifact id: 'b46686f1dcd97223df84ba0c4730f158') in 0.678411 seconds
Number of updated asset objects reloaded before import = 0
Number of asset objects unloaded after import = 3
========================================================================
Received Import Request.
  Time since last request: 0.000028 seconds.
  path: Assets/Cainos/Pixel Art Top Down - Basic/Prefab/Props/PF Props Road Sign E.prefab
  artifactKey: Guid(b823debd04fd63f4d8e579210fe0ff20) Importer(2089858483,0ecaa5967403d082aa24f35e1b516d23)
Start importing Assets/Cainos/Pixel Art Top Down - Basic/Prefab/Props/PF Props Road Sign E.prefab using Guid(b823debd04fd63f4d8e579210fe0ff20) Importer(2089858483,0ecaa5967403d082aa24f35e1b516d23) Generated GUIDs only implemented for interfaces!
 -> (artifact id: '34008351e8dab909200082f9947fbe99') in 0.257322 seconds
Number of updated asset objects reloaded before import = 0
Number of asset objects unloaded after import = 15
========================================================================
Received Import Request.
  Time since last request: 0.000018 seconds.
  path: Assets/Pixel Art Top Down - Basic (1)/Texture/Tile/TX Props_36.asset
  artifactKey: Guid(e740cc0f10c55e949889b2dbc88b9237) Importer(2089858483,0ecaa5967403d082aa24f35e1b516d23)
Start importing Assets/Pixel Art Top Down - Basic (1)/Texture/Tile/TX Props_36.asset using Guid(e740cc0f10c55e949889b2dbc88b9237) Importer(2089858483,0ecaa5967403d082aa24f35e1b516d23) Generated GUIDs only implemented for interfaces!
 -> (artifact id: 'cceceb1292cc041aa757bb5c07763785') in 0.020443 seconds
Number of updated asset objects reloaded before import = 0
Number of asset objects unloaded after import = 3
========================================================================
Received Import Request.
  Time since last request: 0.000023 seconds.
  path: Assets/Pixel Art Top Down - Basic (1)/Texture/TX Tileset Grass.png
  artifactKey: Guid(b49d887e620755c45a15becf936c9d91) Importer(2089858483,0ecaa5967403d082aa24f35e1b516d23)
Start importing Assets/Pixel Art Top Down - Basic (1)/Texture/TX Tileset Grass.png using Guid(b49d887e620755c45a15becf936c9d91) Importer(2089858483,0ecaa5967403d082aa24f35e1b516d23) Generated GUIDs only implemented for interfaces!
 -> (artifact id: 'c9aedf3135eaf4dd74eaab08dde1064a') in 0.024944 seconds
Number of updated asset objects reloaded before import = 0
Number of asset objects unloaded after import = 3
========================================================================
Received Prepare
Switching render pipeline 00000000000000000000000000000000 -> d5f9ac06bf366564c9f54b978563ef3d
Refreshing native plugins compatible for Editor in 2.83 ms, found 4 plugins.
Preloading 0 native plugins for Editor in 0.00 ms.
Unloading 58 Unused Serialized files (Serialized files now loaded: 0)
Unloading 6 unused Assets / (0.7 MB). Loaded Objects now: 6093.
Memory consumption went from 100.8 MB to 100.1 MB.
Total: 4.733000 ms (FindLiveObjects: 0.398300 ms CreateObjectMapping: 0.238400 ms MarkObjects: 3.826000 ms  DeleteObjects: 0.269100 ms)

Prepare: number of updated asset objects reloaded= 0
AssetImportParameters requested are different than current active one (requested -> active):
  custom:container-demuxer-ogg: 62fdf1f143b41e24485cea50d1cbac27 -> 
  custom:video-decoder-ogg-theora: a1e56fd34408186e4bbccfd4996cb3dc -> 
  custom:framework-win-MediaFoundation: 216162199b28c13a410421893ffa2e32 -> 
  custom:CustomObjectIndexerAttribute: a3ef5dd2817f97addfee359851a9dba5 -> 
  custom:container-demuxer-webm: 4f35f7cbe854078d1ac9338744f61a02 -> 
  custom:container-muxer-webm: aa71ff27fc2769a1b78a27578f13a17b -> 
  custom:video-decoder-webm-vp8: 9c59270c3fd7afecdb556c50c9e8de78 -> 
  custom:SearchIndexIgnoredProperties: e643bd26f0fe6173181afceb89e7c659 -> 
  custom:AudioImporter_EditorPlatform: d09bf68614088b80899f8185d706f6e7 -> 
  custom:video-encoder-webm-vp8: eb34c28f22e8b96e1ab97ce403110664 -> 
  custom:audio-decoder-ogg-vorbis: bf7c407c2cedff20999df2af8eb42d56 -> 
  custom:audio-encoder-webm-vorbis: bf7c407c2cedff20999df2af8eb42d56 -> 
Editor requested this worker to shutdown with reason: Scaling down because of idle timeout
TcpMessagingSession - receive error: operation aborted. errorcode: 995, details: The I/O operation has been aborted because of either a thread exit or an application request.
AssetImportWorker is now disconnected from the server
Process exiting
Exiting without the bug reporter. Application will terminate with return code 0